<?xml version="1.0" encoding="UTF-8"?>
<!-- Generated by org.testng.reporters.JUnitReportReporter -->
<testsuite skipped="0" hostname="ASUS-PC" name="testcases.LoginHelioAccount" tests="1" failures="0" timestamp="10 Apr 2018 06:39:37 GMT" time="12.921" errors="0">
  <testcase name="loginHelioAccount" time="12.921" classname="testcases.LoginHelioAccount"/>
</testsuite> <!-- testcases.LoginHelioAccount -->
