<?xml version="1.0" encoding="UTF-8"?>
<!-- Generated by org.testng.reporters.JUnitReportReporter -->
<testsuite skipped="0" hostname="ASUS-PC" name="testcases.UpdateThongTinLienLac" tests="1" failures="0" timestamp="24 Apr 2018 07:47:53 GMT" time="60.870" errors="0">
  <testcase name="updateThongtinLienLac" time="60.870" classname="testcases.UpdateThongTinLienLac"/>
</testsuite> <!-- testcases.UpdateThongTinLienLac -->
