<?xml version="1.0" encoding="UTF-8"?>
<!-- Generated by org.testng.reporters.JUnitReportReporter -->
<testsuite skipped="0" hostname="ASUS-PC" name="testcases.LogOut" tests="1" failures="0" timestamp="10 Apr 2018 08:27:29 GMT" time="8.510" errors="0">
  <testcase name="logout" time="8.510" classname="testcases.LogOut"/>
</testsuite> <!-- testcases.LogOut -->
