<?xml version="1.0" encoding="UTF-8"?>
<!-- Generated by org.testng.reporters.JUnitReportReporter -->
<testsuite skipped="0" hostname="ASUS-PC" name="testcases.LogOut" tests="1" failures="0" timestamp="10 Apr 2018 08:19:57 GMT" time="10.367" errors="0">
  <testcase name="logout" time="10.367" classname="testcases.LogOut"/>
</testsuite> <!-- testcases.LogOut -->
