<?xml version="1.0" encoding="UTF-8"?>
<!-- Generated by org.testng.reporters.JUnitReportReporter -->
<testsuite skipped="0" hostname="ASUS-PC" name="stepDefinitions.StepHome" tests="1" failures="0" timestamp="10 Apr 2018 02:56:32 GMT" time="8.919" errors="0">
  <testcase name="loginHelioAccount" time="8.919" classname="stepDefinitions.StepHome"/>
</testsuite> <!-- stepDefinitions.StepHome -->
