<?xml version="1.0" encoding="UTF-8"?>
<!-- Generated by org.testng.reporters.JUnitReportReporter -->
<testsuite skipped="0" hostname="ASUS-PC" name="stepDefinitions.LoginHelioAccount" tests="1" failures="0" timestamp="10 Apr 2018 03:49:27 GMT" time="2.073" errors="1">
  <testcase name="loginHelioAccount" time="2.073" classname="stepDefinitions.LoginHelioAccount">
    <error type="org.openqa.selenium.NoSuchElementException" message="no such element (An element could not be located on the page using the given search parameters (XPATH=&#039;//*[@resource-id=&#039;vn.vooc.helio.mobile:id/loginHelio&#039;]&#039;))  (WARNING: The server did not provide any stacktrace information)
Command duration or timeout: 0 milliseconds
For documentation on this error, please visit: http://seleniumhq.org/exceptions/no_such_element.html
Build info: version: &#039;3.9.1&#039;, revision: &#039;63f7b50&#039;, time: &#039;2018-02-07T22:25:02.294Z&#039;
System info: host: &#039;ASUS-PC&#039;, ip: &#039;192.168.1.222&#039;, os.name: &#039;Windows 8.1&#039;, os.arch: &#039;amd64&#039;, os.version: &#039;6.3&#039;, java.version: &#039;1.8.0_161&#039;
Driver info: io.appium.java_client.android.AndroidDriver
Capabilities {appActivity: vn.vooc.helio.mobile.ui.wal..., appPackage: vn.vooc.helio.mobile, autoAcceptAlerts: false, autoDismissAlerts: false, autoWebview: false, desired: {appActivity: vn.vooc.helio.mobile.ui.wal..., appPackage: vn.vooc.helio.mobile, deviceName: My phone, noReset: true, platformName: Android, platformVersion: 6.0.1, udid: 42007b3bd088348d}, device.category: PHONE, device.majorVersion: 6.0.x, device.manufacture: samsung, device.model: SM-G532G, device.name: SM-G532G, device.os: Android, device.screenSize: 540x960, device.serialNumber: 42007b3bd088348d, device.version: 6.0.1, deviceName: My phone, dontGoHomeOnQuit: false, dontStopAppOnReset: false, fullReset: false, instrumentApp: false, javascriptEnabled: true, keystorePath: ~/.android/debug.keystore, locationServicesAuthorized: false, noReset: true, platform: ANDROID, platformName: ANDROID, platformVersion: 6.0.1, projectName: , reportDirectory: reports, reportFormat: xml, reportUrl: C:\Users\ASUS\appiumstudio-..., reservationDuration: 240, testName: Untitled, udid: 42007b3bd088348d, useKeystore: false, waitForDeviceTimeout: 120000}
Session ID: fc079f6c-2425-47a5-a654-e4d405bc8036
*** Element info: {Using=xpath, value=//*[@resource-id=&#039;vn.vooc.helio.mobile:id/loginHelio&#039;]}">
      <![CDATA[org.openqa.selenium.NoSuchElementException: no such element (An element could not be located on the page using the given search parameters (XPATH='//*[@resource-id='vn.vooc.helio.mobile:id/loginHelio']'))  (WARNING: The server did not provide any stacktrace information)Command duration or timeout: 0 millisecondsFor documentation on this error, please visit: http://seleniumhq.org/exceptions/no_such_element.htmlBuild info: version: '3.9.1', revision: '63f7b50', time: '2018-02-07T22:25:02.294Z'System info: host: 'ASUS-PC', ip: '192.168.1.222', os.name: 'Windows 8.1', os.arch: 'amd64', os.version: '6.3', java.version: '1.8.0_161'Driver info: io.appium.java_client.android.AndroidDriverCapabilities {appActivity: vn.vooc.helio.mobile.ui.wal..., appPackage: vn.vooc.helio.mobile, autoAcceptAlerts: false, autoDismissAlerts: false, autoWebview: false, desired: {appActivity: vn.vooc.helio.mobile.ui.wal..., appPackage: vn.vooc.helio.mobile, deviceName: My phone, noReset: true, platformName: Android, platformVersion: 6.0.1, udid: 42007b3bd088348d}, device.category: PHONE, device.majorVersion: 6.0.x, device.manufacture: samsung, device.model: SM-G532G, device.name: SM-G532G, device.os: Android, device.screenSize: 540x960, device.serialNumber: 42007b3bd088348d, device.version: 6.0.1, deviceName: My phone, dontGoHomeOnQuit: false, dontStopAppOnReset: false, fullReset: false, instrumentApp: false, javascriptEnabled: true, keystorePath: ~/.android/debug.keystore, locationServicesAuthorized: false, noReset: true, platform: ANDROID, platformName: ANDROID, platformVersion: 6.0.1, projectName: , reportDirectory: reports, reportFormat: xml, reportUrl: C:\Users\ASUS\appiumstudio-..., reservationDuration: 240, testName: Untitled, udid: 42007b3bd088348d, useKeystore: false, waitForDeviceTimeout: 120000}Session ID: fc079f6c-2425-47a5-a654-e4d405bc8036*** Element info: {Using=xpath, value=//*[@resource-id='vn.vooc.helio.mobile:id/loginHelio']}at sun.reflect.NativeConstructorAccessorImpl.newInstance0(Native Method)at sun.reflect.NativeConstructorAccessorImpl.newInstance(Unknown Source)at sun.reflect.DelegatingConstructorAccessorImpl.newInstance(Unknown Source)at java.lang.reflect.Constructor.newInstance(Unknown Source)at org.openqa.selenium.remote.ErrorHandler.createThrowable(ErrorHandler.java:214)at org.openqa.selenium.remote.ErrorHandler.throwIfResponseFailed(ErrorHandler.java:166)at org.openqa.selenium.remote.http.JsonHttpResponseCodec.reconstructValue(JsonHttpResponseCodec.java:40)at org.openqa.selenium.remote.http.AbstractHttpResponseCodec.decode(AbstractHttpResponseCodec.java:80)at org.openqa.selenium.remote.http.AbstractHttpResponseCodec.decode(AbstractHttpResponseCodec.java:44)at org.openqa.selenium.remote.HttpCommandExecutor.execute(HttpCommandExecutor.java:160)at io.appium.java_client.remote.AppiumCommandExecutor.execute(AppiumCommandExecutor.java:89)at org.openqa.selenium.remote.RemoteWebDriver.execute(RemoteWebDriver.java:601)at io.appium.java_client.DefaultGenericMobileDriver.execute(DefaultGenericMobileDriver.java:42)at io.appium.java_client.AppiumDriver.execute(AppiumDriver.java:1)at io.appium.java_client.android.AndroidDriver.execute(AndroidDriver.java:1)at org.openqa.selenium.remote.RemoteWebDriver.findElement(RemoteWebDriver.java:371)at io.appium.java_client.DefaultGenericMobileDriver.findElement(DefaultGenericMobileDriver.java:62)at io.appium.java_client.AppiumDriver.findElement(AppiumDriver.java:1)at io.appium.java_client.android.AndroidDriver.findElement(AndroidDriver.java:1)at org.openqa.selenium.remote.RemoteWebDriver.findElementByXPath(RemoteWebDriver.java:473)at io.appium.java_client.DefaultGenericMobileDriver.findElementByXPath(DefaultGenericMobileDriver.java:140)at io.appium.java_client.AppiumDriver.findElementByXPath(AppiumDriver.java:1)at io.appium.java_client.android.AndroidDriver.findElementByXPath(AndroidDriver.java:1)at org.openqa.selenium.By$ByXPath.findElement(By.java:361)at org.openqa.selenium.remote.RemoteWebDriver.findElement(RemoteWebDriver.java:363)at io.appium.java_client.DefaultGenericMobileDriver.findElement(DefaultGenericMobileDriver.java:58)at io.appium.java_client.AppiumDriver.findElement(AppiumDriver.java:1)at io.appium.java_client.android.AndroidDriver.findElement(AndroidDriver.java:1)at stepDefinitions.LoginHelioAccount.loginHelioAccount(LoginHelioAccount.java:58)at sun.reflect.NativeMethodAccessorImpl.invoke0(Native Method)at sun.reflect.NativeMethodAccessorImpl.invoke(Unknown Source)at sun.reflect.DelegatingMethodAccessorImpl.invoke(Unknown Source)at java.lang.reflect.Method.invoke(Unknown Source)at org.testng.internal.MethodInvocationHelper.invokeMethod(MethodInvocationHelper.java:124)at org.testng.internal.Invoker.invokeMethod(Invoker.java:571)at org.testng.internal.Invoker.invokeTestMethod(Invoker.java:707)at org.testng.internal.Invoker.invokeTestMethods(Invoker.java:979)at org.testng.internal.TestMethodWorker.invokeTestMethods(TestMethodWorker.java:125)at org.testng.internal.TestMethodWorker.run(TestMethodWorker.java:109)at org.testng.TestRunner.privateRun(TestRunner.java:648)at org.testng.TestRunner.run(TestRunner.java:505)at org.testng.SuiteRunner.runTest(SuiteRunner.java:455)at org.testng.SuiteRunner.runSequentially(SuiteRunner.java:450)at org.testng.SuiteRunner.privateRun(SuiteRunner.java:415)at org.testng.SuiteRunner.run(SuiteRunner.java:364)at org.testng.SuiteRunnerWorker.runSuite(SuiteRunnerWorker.java:52)at org.testng.SuiteRunnerWorker.run(SuiteRunnerWorker.java:84)at org.testng.TestNG.runSuitesSequentially(TestNG.java:1187)at org.testng.TestNG.runSuitesLocally(TestNG.java:1116)at org.testng.TestNG.runSuites(TestNG.java:1028)at org.testng.TestNG.run(TestNG.java:996)at org.testng.remote.AbstractRemoteTestNG.run(AbstractRemoteTestNG.java:114)at org.testng.remote.RemoteTestNG.initAndRun(RemoteTestNG.java:251)at org.testng.remote.RemoteTestNG.main(RemoteTestNG.java:77)]]>
    </error>
  </testcase> <!-- loginHelioAccount -->
</testsuite> <!-- stepDefinitions.LoginHelioAccount -->
