<?xml version="1.0" encoding="UTF-8"?>
<!-- Generated by org.testng.reporters.JUnitReportReporter -->
<testsuite skipped="0" hostname="ASUS-PC" name="testcases.UpdateThongTinCaNhan" tests="1" failures="0" timestamp="17 Apr 2018 02:21:13 GMT" time="47.878" errors="0">
  <testcase name="updateThongTinCaNhan" time="47.878" classname="testcases.UpdateThongTinCaNhan"/>
</testsuite> <!-- testcases.UpdateThongTinCaNhan -->
