<?xml version="1.0" encoding="UTF-8"?>
<!-- Generated by org.testng.reporters.JUnitReportReporter -->
<testsuite skipped="0" hostname="ASUS-PC" name="testcases.LoginHelioAccount" tests="1" failures="0" timestamp="16 Apr 2018 10:16:06 GMT" time="17.941" errors="0">
  <testcase name="loginHelioAccount" time="17.941" classname="testcases.LoginHelioAccount"/>
</testsuite> <!-- testcases.LoginHelioAccount -->
